INFO:root:Start
INFO:root:Start
INFO:root:Start
INFO:root:Start
INFO:root:Disk C:\Users\yipji\Offline Documents\Git Folder\CE7490_Raid6\C_drive\disk_-1 is already created
INFO:root:Disk C:\Users\yipji\Offline Documents\Git Folder\CE7490_Raid6\C_drive\disk_-2 is already created
INFO:root:Generating string ['q' 'k' 'j' 'i' 'u' 'i' 'g' 'q' 'g' 'm' 'r' 'z' 'q' 'v' 'x' 'f' 'q' 'a'
 'u' 'h' 'l' 'n' 'b' 'v' 'b' 'o' 'y' 'w' 'h' 'v' 't' 'b']
INFO:root:Start
INFO:root:Disk C:\Users\yipji\Offline Documents\Git Folder\CE7490_Raid6\C_drive\disk_-1 is already created
INFO:root:Disk C:\Users\yipji\Offline Documents\Git Folder\CE7490_Raid6\C_drive\disk_-2 is already created
INFO:root:Generating string ['u' 'x' 'k' 'p' 'g' 'g' 't' 'j' 'v' 'f' 'f' 'j' 'i' 's' 'm' 'f' 'g' 'm'
 'j' 'p' 'b' 'f' 'j' 'k' 'h' 'w' 'e' 'p' 'j' 'u' 'n' 'o']
INFO:root:Write done at-9
INFO:root:START : Write to RAID 6
INFO:root:Start
INFO:root:Disk C:\Users\yipji\Offline Documents\Git Folder\CE7490_Raid6\C_drive\disk_-1 is already created
INFO:root:Disk C:\Users\yipji\Offline Documents\Git Folder\CE7490_Raid6\C_drive\disk_-2 is already created
INFO:root:Generating string ['w' 'w' 'n' 'g' 'r' 't' 'x' 'x' 'l' 'w' 'p' 'm' 'n' 'l' 'd' 'v' 'o' 'l'
 'k' 'q' 'o' 'b' 'o' 'b' 't' 'v' 'j' 'b' 'h' 'v' 'x' 'b']
INFO:root:Write done at-9
INFO:root:START : Write to RAID 6
INFO:root:Start
INFO:root:Disk C:\Users\yipji\Offline Documents\Git Folder\CE7490_Raid6\C_drive\disk_-1 is already created
INFO:root:Disk C:\Users\yipji\Offline Documents\Git Folder\CE7490_Raid6\C_drive\disk_-2 is already created
INFO:root:Generating string ['u' 'b' 'g' 'r' 't' 's' 'm' 'y' 'm' 'l' 'k' 'o' 'i' 'z' 'p' 'o' 'r' 'd'
 'x' 'p' 't' 's' 'f' 'c' 'd' 't' 'c' 'w' 'i' 'g' 't' 'h']
INFO:root:Write done at-9
INFO:root:START : Write to RAID 6
INFO:root:Start
INFO:root:Disk C:\Users\yipji\Offline Documents\Git Folder\CE7490_Raid6\C_drive\disk_-1 is already created
INFO:root:Disk C:\Users\yipji\Offline Documents\Git Folder\CE7490_Raid6\C_drive\disk_-2 is already created
INFO:root:Start
INFO:root:Disk C:\Users\yipji\Offline Documents\Git Folder\CE7490_Raid6\C_drive\disk_-1 is already created
INFO:root:Disk C:\Users\yipji\Offline Documents\Git Folder\CE7490_Raid6\C_drive\disk_-2 is already created
INFO:root:Generating string ['m' 'b' 't' 'a' 'k' 'x' 'v' 'u' 'h' 'h' 'o' 't' 'n' 'w' 'u' 'v' 'i' 'k'
 'e' 'i' 'r' 'p' 'y' 'd' 't' 'x' 'q' 's' 'y' 'u' 'g' 'm']
INFO:root:Start
INFO:root:Disk C:\Users\yipji\Offline Documents\Git Folder\CE7490_Raid6\C_drive\disk_-1 is already created
INFO:root:Disk C:\Users\yipji\Offline Documents\Git Folder\CE7490_Raid6\C_drive\disk_-2 is already created
INFO:root:Generating string ['g' 't' 'q' 'k' 'e' 'c' 'i' 'k' 'n' 'z' 'g' 'o' 'o' 'v' 'p' 'e' 'n' 'i'
 'k' 'v' 's' 'z' 'b' 'x' 's' 'y' 'a' 'v' 'u' 'n' 'k' 's']
INFO:root:Generating string ['b' 'w' 'x' 'y' 'n' 'i' 'k' 'p' 's' 'h' 'w' 'n' 'l' 'd' 'm' 'g' 'j' 's'
 'z' 'z' 'm' 'o' 'q' 'w' 'n' 'y' 'm' 'l' 'h' 'e' 'g' 'z']
INFO:root:Generating string ['p' 'p' 'i' 'v' 'm' 't' 'r' 'e' 'p' 'w' 'o' 'p' 'e' 'i' 'f' 'w' 'w' 'o'
 'b' 'u' 'm' 'j' 'x' 'v' 'g' 't' 'm' 'e' 'e' 'k' 'w' 'h']
INFO:root:Generating string ['q' 'r' 'y' 'o' 't' 'n' 'g' 'c' 'a' 'k' 'z' 'r' 'c' 'r' 'n' 'x' 'q' 'd'
 'e' 'p' 'c' 't' 's' 'v' 'h' 'd' 'm' 'b' 'j' 'w' 'v' 'd']
INFO:root:Generating string ['m' 'a' 'b' 'z' 'd' 'v' 'v' 'd' 'a' 'r' 'w' 'n' 't' 'q' 'x' 'z' 't' 'u'
 'b' 't' 's' 'e' 'o' 'l' 'z' 'q' 'l' 'y' 'p' 'i' 'k' 'o']
INFO:root:Generating string ['u' 'w' 'p' 'e' 'w' 'p' 'w' 'a' 'x' 'h' 't' 'm' 'h' 'q' 'i' 'n' 's' 'e'
 'y' 'f' 'a' 'n' 'o' 'd' 'p' 'x' 'y' 'h' 'h' 'x' 'n' 'j']
INFO:root:Generating string ['k' 'p' 'k' 'q' 'x' 'h' 'e' 'z' 'n' 'c' 'h' 't' 'f' 'a' 'f' 'k' 'p' 'p'
 'b' 'g' 'g' 'c' 'd' 'u' 'w' 'v' 'g' 'w' 'j' 'f' 'c' 'n']
INFO:root:Generating string ['a' 'z' 'v' 'g' 'd' 'f' 'x' 's' 'n' 'q' 'a' 'y' 'w' 'c' 'a' 'c' 'w' 'a'
 'i' 'j' 'w' 'b' 'z' 'a' 'k' 'i' 'g' 'w' 'g' 'i' 'p' 'v']
INFO:root:Generating string ['y' 'x' 'h' 'o' 'o' 'y' 'i' 'h' 'h' 'u' 'j' 'f' 'm' 'q' 'p' 'q' 'q' 'z'
 'c' 'c' 'w' 'n' 'p' 'h' 'y' 'z' 'w' 'q' 'u' 'r' 'r' 'p']
INFO:root:Generating string ['e' 'r' 'v' 'b' 'g' 'u' 'q' 'k' 'z' 'c' 'k' 'n' 't' 'c' 't' 'h' 'e' 'm'
 'b' 'i' 'f' 'f' 'z' 'a' 'x' 'x' 'b' 'n' 'n' 'd' 'x' 'w']
INFO:root:Generating string ['o' 'l' 't' 's' 'o' 'z' 's' 'b' 'p' 'b' 'a' 'j' 'm' 'a' 'g' 'd' 'm' 's'
 'u' 'a' 'p' 'k' 'v' 'q' 'c' 'u' 't' 'x' 'm' 'e' 'w' 'k']
INFO:root:Write done at-9
INFO:root:START : Write to RAID 6
INFO:root:Start
INFO:root:Disk C:\Users\yipji\Offline Documents\Git Folder\CE7490_Raid6\C_drive\disk_-1 is already created
INFO:root:Disk C:\Users\yipji\Offline Documents\Git Folder\CE7490_Raid6\C_drive\disk_-2 is already created
INFO:root:Generating string ['q' 'h' 'n' 'd' 'n' 'z' 'y' 'c' 'd' 'j' 'v' 'm' 'f' 'k' 'c' 'l' 'b' 'q'
 't' 'p' 'a' 'g' 'y' 'x' 'c' 'a' 'h' 'c' 'k' 'y' 's' 'k']
INFO:root:Write done at0
INFO:root:Generating string ['x' 'r' 'x' 'o' 'k' 'q' 'p' 'p' 'r' 'w' 's' 'b' 'm' 'm' 'g' 'g' 'u' 'l'
 'c' 'y' 'j' 'd' 'a' 's' 'd' 'k' 'r' 'w' 'm' 'k' 'f' 'h']
INFO:root:Write done at1
INFO:root:Generating string ['a' 'm' 'z' 'j' 'j' 'w' 'g' 'p' 'g' 'o' 'p' 'c' 'y' 'i' 'q' 'q' 'n' 'b'
 's' 'o' 'x' 'n' 'v' 'b' 't' 'z' 'c' 'z' 'j' 'k' 'a' 't']
INFO:root:Write done at2
INFO:root:Generating string ['f' 'z' 'm' 't' 'c' 's' 'i' 'x' 's' 'q' 'd' 'q' 'k' 'd' 'n' 't' 'v' 'u'
 'm' 'o' 's' 'm' 'b' 'c' 'x' 'j' 's' 'l' 'w' 'm' 't' 'e']
INFO:root:Write done at3
INFO:root:Generating string ['p' 'n' 'k' 'o' 'i' 'x' 'l' 'd' 'q' 'o' 'x' 'm' 'x' 'y' 'u' 'i' 'y' 'e'
 'o' 'x' 'm' 'x' 'd' 'y' 'd' 'e' 'b' 'k' 'j' 's' 's' 'g']
INFO:root:Write done at4
INFO:root:Generating string ['d' 'g' 'n' 'b' 'd' 'a' 'v' 'q' 'f' 'l' 'f' 'q' 'j' 'f' 'b' 'd' 'j' 'l'
 'm' 'l' 'z' 'r' 'i' 't' 'a' 's' 'a' 'e' 'd' 'g' 'c' 'w']
INFO:root:Write done at5
INFO:root:Generating string ['b' 'f' 'k' 'h' 'x' 'u' 'o' 'o' 'i' 's' 'e' 'h' 'z' 'v' 'o' 'l' 'd' 'k'
 'm' 'u' 'l' 'o' 'j' 't' 'o' 'r' 'o' 'u' 'z' 'e' 'p' 'w']
INFO:root:Write done at6
INFO:root:Generating string ['h' 'o' 'q' 'v' 'm' 'f' 'e' 'l' 'u' 'j' 'b' 'v' 's' 'l' 'm' 'h' 'l' 'i'
 'w' 'i' 'o' 'h' 's' 'i' 'g' 'e' 'd' 'j' 'n' 'k' 'f' 'e']
INFO:root:Write done at7
INFO:root:Generating string ['n' 'y' 'w' 'i' 'j' 'i' 'b' 'q' 'v' 't' 'v' 'u' 'g' 'g' 'b' 'z' 'd' 'k'
 'h' 'k' 'e' 'g' 'k' 'j' 'f' 'b' 'z' 'e' 'h' 'g' 's' 'f']
INFO:root:Write done at8
INFO:root:Generating string ['b' 'i' 'u' 'e' 'j' 'q' 'j' 'v' 'g' 'u' 'c' 'p' 'r' 'x' 'v' 'x' 's' 'd'
 'b' 'n' 'q' 't' 'a' 'i' 'v' 'z' 'p' 'y' 'q' 's' 'k' 'f']
INFO:root:Write done at9
INFO:root:Generating string ['a' 'h' 'o' 'd' 'o' 'd' 'z' 'h' 'n' 'v' 'i' 'c' 'f' 'o' 'i' 'm' 'd' 'd'
 'w' 'b' 'd' 'x' 'm' 's' 'v' 'k' 'j' 'm' 'w' 'u' 'h' 'u']
INFO:root:Write done at-9
INFO:root:START : Write to RAID 6
INFO:root:Start
INFO:root:Disk C:\Users\yipji\Offline Documents\Git Folder\CE7490_Raid6\C_drive\disk_-1 is already created
INFO:root:Disk C:\Users\yipji\Offline Documents\Git Folder\CE7490_Raid6\C_drive\disk_-2 is already created
INFO:root:Generating string ['b' 't' 'z' 'a' 'd' 'k' 'j' 'f' 'j' 'r' 'r' 'q' 'r' 'f' 'j' 'o' 'n' 'y'
 'o' 'u' 'r' 'k' 'g' 'j' 'r' 'h' 'z' 'l' 'x' 'i' 'g' 'u']
INFO:root:Write done at0
INFO:root:Generating string ['x' 'd' 't' 'q' 'c' 'f' 'k' 'x' 'n' 'j' 'g' 'p' 'x' 'u' 'r' 'n' 'b' 'e'
 'k' 'v' 'f' 'm' 'l' 't' 'c' 'm' 'j' 'j' 'w' 'x' 'f' 'k']
INFO:root:Write done at1
INFO:root:Generating string ['t' 'r' 'x' 'g' 'z' 'l' 'z' 'n' 'u' 'r' 'q' 'd' 'j' 'd' 'h' 'j' 'n' 'v'
 'a' 'o' 'j' 'y' 'q' 'u' 'a' 'h' 't' 's' 'n' 'x' 'g' 'v']
INFO:root:Write done at2
INFO:root:Generating string ['r' 'h' 'o' 'a' 'k' 'h' 's' 'g' 'l' 'y' 'w' 'k' 'v' 'r' 'j' 't' 'v' 'i'
 'h' 'l' 'd' 'o' 's' 'q' 'h' 'w' 'e' 'x' 'z' 'e' 'g' 'n']
INFO:root:Write done at3
INFO:root:Generating string ['l' 'n' 'f' 'j' 'r' 'j' 'j' 'a' 'f' 'x' 's' 'u' 'p' 'z' 'm' 'c' 'f' 'r'
 'h' 'k' 'v' 'k' 't' 'f' 'v' 'y' 'b' 'w' 'z' 't' 'w' 'e']
INFO:root:Write done at4
INFO:root:Generating string ['u' 'y' 'f' 'x' 'a' 'j' 'v' 'a' 'j' 'l' 'a' 'q' 'o' 'm' 'a' 'c' 'p' 'l'
 'm' 't' 'o' 'n' 'l' 'o' 'y' 'q' 'o' 'p' 'm' 'h' 'm' 'z']
INFO:root:Write done at5
INFO:root:Generating string ['u' 'q' 'd' 'm' 'z' 'b' 'i' 'w' 'f' 'u' 'u' 'u' 'd' 'b' 'p' 'o' 'c' 'f'
 'm' 'e' 's' 'i' 'o' 't' 'y' 'c' 'm' 'y' 'n' 'm' 'u' 'u']
INFO:root:Write done at6
INFO:root:Generating string ['s' 'b' 'r' 'c' 'i' 'o' 'n' 'o' 'g' 'r' 'a' 'y' 'x' 'k' 'h' 'r' 'd' 'l'
 'y' 't' 'p' 'r' 'c' 'x' 'p' 'x' 'c' 'i' 'p' 'e' 'c' 'e']
INFO:root:Write done at7
INFO:root:Generating string ['b' 'w' 'm' 'k' 'u' 's' 's' 'z' 'p' 'b' 'i' 'u' 'n' 'j' 'p' 'x' 'p' 'j'
 'n' 's' 'x' 'k' 'l' 'i' 'y' 'e' 'w' 'e' 'r' 'z' 'h' 'h']
INFO:root:Write done at8
INFO:root:Generating string ['p' 'y' 'w' 'n' 'v' 'h' 'm' 'e' 'c' 'p' 'd' 'm' 'e' 'v' 'o' 'b' 'k' 'f'
 'w' 'd' 'k' 's' 'e' 'a' 'n' 's' 't' 'h' 'g' 'o' 'a' 'u']
INFO:root:Write done at9
INFO:root:Generating string ['f' 'q' 'g' 'a' 'p' 'p' 'g' 'g' 'n' 'o' 'x' 'f' 't' 'a' 'x' 'u' 'd' 'b'
 'y' 'c' 'e' 'c' 'm' 't' 'v' 'd' 'y' 'v' 'd' 'q' 'k' 'l']
INFO:root:Write done at-9
INFO:root:START : Write to RAID 6
INFO:root:Start
INFO:root:Disk C:\Users\yipji\Offline Documents\Git Folder\CE7490_Raid6\C_drive\disk_-1 is already created
INFO:root:Disk C:\Users\yipji\Offline Documents\Git Folder\CE7490_Raid6\C_drive\disk_-2 is already created
INFO:root:Generating string ['e' 'w' 'c' 'j' 'o' 'e' 'f' 'r' 'i' 'w' 'z' 'o' 'r' 'm' 'm' 't' 'b' 't'
 'a' 'e' 'm' 'q' 'f' 'i' 'p' 'w' 'm' 's' 's' 'o' 'm' 'k']
INFO:root:Write done at0
INFO:root:Generating string ['y' 'h' 'n' 'g' 'l' 'v' 't' 'p' 'a' 'y' 'b' 'z' 'i' 's' 'i' 'f' 'k' 'u'
 'u' 'v' 'x' 'r' 'r' 'h' 'z' 'y' 'b' 'b' 'j' 'n' 'x' 'd']
INFO:root:Write done at1
INFO:root:Generating string ['v' 'c' 'h' 'q' 'w' 's' 'm' 'w' 'o' 'f' 'e' 'n' 'z' 'w' 'u' 'b' 'k' 'w'
 's' 'l' 'o' 'i' 'v' 'w' 'a' 'g' 'j' 'l' 'g' 'a' 'd' 'w']
INFO:root:Write done at2
INFO:root:Generating string ['u' 'y' 'l' 'g' 'z' 'u' 'k' 'j' 'h' 't' 'c' 'i' 'k' 'h' 'f' 'v' 'c' 't'
 'a' 'w' 'i' 's' 'c' 'm' 'u' 'i' 'r' 'l' 'm' 'j' 'e' 'q']
INFO:root:Write done at3
INFO:root:Generating string ['o' 'w' 'i' 'j' 't' 'g' 'l' 'e' 'l' 'r' 'r' 'v' 'c' 's' 'u' 'l' 'i' 'o'
 'i' 'j' 'j' 'z' 'b' 'r' 'n' 'u' 'x' 'z' 'w' 'l' 'c' 'n']
INFO:root:Write done at4
INFO:root:Generating string ['a' 'y' 'l' 'd' 'w' 'o' 'm' 'k' 'b' 'y' 'z' 'l' 'p' 'v' 'f' 'a' 'c' 'm'
 'k' 'd' 'n' 'u' 'p' 'z' 'g' 'g' 'v' 'n' 'h' 'd' 't' 'k']
INFO:root:Write done at5
INFO:root:Generating string ['j' 'i' 'g' 'j' 'r' 'c' 'm' 'w' 'p' 'a' 'n' 'z' 'x' 'a' 's' 'a' 'q' 'a'
 'z' 'h' 'j' 'a' 'q' 'p' 'i' 'q' 'i' 'r' 'o' 'w' 'y' 'u']
INFO:root:Write done at6
INFO:root:Generating string ['b' 'd' 'x' 't' 'e' 'e' 'h' 'y' 'x' 't' 'f' 'i' 'f' 'a' 'x' 's' 'g' 'v'
 'x' 'q' 'i' 'i' 'n' 'q' 'o' 'c' 'd' 'o' 's' 'd' 't' 'r']
INFO:root:Write done at7
INFO:root:Generating string ['q' 's' 'l' 'h' 'v' 'l' 'k' 'i' 'p' 'k' 'u' 'b' 'e' 'o' 'd' 'y' 'm' 's'
 'j' 'i' 'l' 'e' 'v' 'a' 'j' 'v' 'k' 'd' 'p' 'c' 'a' 'd']
INFO:root:Write done at8
INFO:root:Generating string ['z' 'i' 'i' 'm' 'd' 'j' 's' 't' 't' 'j' 'j' 'g' 'b' 'p' 'p' 'k' 'd' 'g'
 't' 'n' 'a' 'v' 'g' 'c' 'b' 'n' 'p' 'g' 'a' 'x' 'z' 'p']
INFO:root:Write done at9
INFO:root:Generating string ['m' 'c' 'n' 'u' 'k' 'e' 's' 'y' 'g' 'w' 'b' 'u' 'i' 'u' 'h' 'o' 'n' 'k'
 'f' 'f' 'm' 'u' 'i' 'q' 'n' 'j' 'v' 'c' 'x' 'v' 'q' 'q']
INFO:root:Write done at-9
INFO:root:START : Write to RAID 6
INFO:root:Start
INFO:root:Disk C:\Users\yipji\Offline Documents\Git Folder\CE7490_Raid6\C_drive\disk_-1 is already created
INFO:root:Disk C:\Users\yipji\Offline Documents\Git Folder\CE7490_Raid6\C_drive\disk_-2 is already created
INFO:root:Generating string ['x' 'i' 'h' 'z' 'h' 's' 's' 'u' 'i' 'j' 'g' 'w' 'x' 'y' 'b' 'g' 'w' 's'
 'c' 'j' 'i' 'l' 'b' 'x' 't' 'o' 'r' 'p' 't' 'z' 'd' 'u']
INFO:root:Write done at0
INFO:root:Generating string ['i' 'i' 'h' 'j' 'e' 'b' 'm' 'g' 'e' 'u' 's' 'v' 'o' 'x' 'u' 's' 'd' 'j'
 'c' 'k' 'e' 'i' 'o' 'g' 'd' 'y' 'i' 'p' 'h' 'e' 'd' 's']
INFO:root:Write done at1
INFO:root:Generating string ['j' 'r' 'n' 's' 'm' 'q' 'n' 't' 'y' 's' 'b' 'n' 'a' 'r' 'j' 'u' 'n' 'c'
 'q' 'q' 'h' 'u' 'w' 'v' 'g' 'm' 't' 'a' 'q' 'u' 's' 'f']
INFO:root:Write done at2
INFO:root:Generating string ['j' 'z' 'q' 's' 's' 'x' 't' 'g' 'k' 'n' 'k' 't' 'n' 'q' 'd' 'j' 'm' 'n'
 'p' 'a' 'm' 'h' 't' 'l' 'b' 'g' 'b' 'i' 't' 'j' 'e' 'h']
INFO:root:Write done at3
INFO:root:Generating string ['b' 'w' 'h' 'k' 'h' 'w' 'd' 'l' 'f' 'k' 'p' 'j' 'u' 'r' 'a' 'x' 'x' 'c'
 'e' 'e' 'j' 'g' 'r' 'g' 's' 'm' 'o' 'x' 'j' 'v' 'a' 'f']
INFO:root:Write done at4
INFO:root:Generating string ['r' 's' 'f' 'c' 'r' 'o' 't' 'l' 'r' 'b' 't' 'h' 'e' 'x' 'h' 'm' 'w' 'm'
 'g' 'j' 'm' 'e' 'w' 'e' 'c' 'p' 's' 'g' 'b' 'y' 'n' 'q']
INFO:root:Write done at5
INFO:root:Generating string ['y' 'q' 'i' 't' 'n' 'g' 's' 'b' 't' 'd' 'f' 'j' 'c' 'h' 'm' 'w' 'v' 'g'
 'b' 'o' 'g' 'b' 'f' 'p' 'u' 'a' 'o' 'r' 'c' 'a' 'e' 'n']
INFO:root:Write done at6
INFO:root:Generating string ['j' 'f' 'b' 'b' 'p' 'x' 'p' 'f' 'e' 'e' 'x' 'w' 'z' 'q' 'm' 'v' 'k' 'l'
 'f' 'j' 'c' 's' 'b' 'l' 'y' 'v' 'q' 'q' 'k' 'j' 'g' 'm']
INFO:root:Write done at7
INFO:root:Generating string ['e' 'n' 'h' 'u' 'h' 'z' 'v' 'v' 'h' 'b' 'x' 'j' 'x' 'f' 'z' 'l' 's' 'j'
 'h' 'y' 't' 'y' 'n' 'l' 'm' 'm' 'c' 'o' 'x' 's' 'h' 'w']
INFO:root:Write done at8
INFO:root:Generating string ['o' 'y' 'k' 's' 'a' 't' 'a' 'a' 'z' 'd' 'w' 'p' 'n' 'h' 'r' 'd' 'e' 'x'
 'x' 'j' 'w' 'e' 'f' 'y' 'd' 'p' 'z' 'd' 'q' 'b' 'p' 'w']
INFO:root:Write done at9
INFO:root:Generating string ['j' 't' 'z' 's' 'u' 'd' 'c' 'k' 'b' 'p' 'i' 's' 'y' 'f' 'd' 'v' 'z' 'a'
 'e' 't' 'q' 'm' 'i' 'y' 'q' 'u' 'r' 'q' 'h' 'y' 'k' 'x']
INFO:root:Write done at-9
INFO:root:START : Write to RAID 6
INFO:root:Start
INFO:root:Disk C:\Users\yipji\Offline Documents\Git Folder\CE7490_Raid6\C_drive\disk_-1 is already created
INFO:root:Disk C:\Users\yipji\Offline Documents\Git Folder\CE7490_Raid6\C_drive\disk_-2 is already created
INFO:root:Generating string ['x' 'i' 'h' 'z' 'h' 's' 's' 'u' 'i' 'j' 'g' 'w' 'x' 'y' 'b' 'g' 'w' 's'
 'c' 'j' 'i' 'l' 'b' 'x' 't' 'o' 'r' 'p' 't' 'z' 'd' 'u']
INFO:root:Write done at0
INFO:root:Generating string ['i' 'i' 'h' 'j' 'e' 'b' 'm' 'g' 'e' 'u' 's' 'v' 'o' 'x' 'u' 's' 'd' 'j'
 'c' 'k' 'e' 'i' 'o' 'g' 'd' 'y' 'i' 'p' 'h' 'e' 'd' 's']
INFO:root:Write done at1
INFO:root:Generating string ['j' 'r' 'n' 's' 'm' 'q' 'n' 't' 'y' 's' 'b' 'n' 'a' 'r' 'j' 'u' 'n' 'c'
 'q' 'q' 'h' 'u' 'w' 'v' 'g' 'm' 't' 'a' 'q' 'u' 's' 'f']
INFO:root:Write done at2
INFO:root:Generating string ['j' 'z' 'q' 's' 's' 'x' 't' 'g' 'k' 'n' 'k' 't' 'n' 'q' 'd' 'j' 'm' 'n'
 'p' 'a' 'm' 'h' 't' 'l' 'b' 'g' 'b' 'i' 't' 'j' 'e' 'h']
INFO:root:Write done at3
INFO:root:Generating string ['b' 'w' 'h' 'k' 'h' 'w' 'd' 'l' 'f' 'k' 'p' 'j' 'u' 'r' 'a' 'x' 'x' 'c'
 'e' 'e' 'j' 'g' 'r' 'g' 's' 'm' 'o' 'x' 'j' 'v' 'a' 'f']
INFO:root:Write done at4
INFO:root:Generating string ['r' 's' 'f' 'c' 'r' 'o' 't' 'l' 'r' 'b' 't' 'h' 'e' 'x' 'h' 'm' 'w' 'm'
 'g' 'j' 'm' 'e' 'w' 'e' 'c' 'p' 's' 'g' 'b' 'y' 'n' 'q']
INFO:root:Write done at5
INFO:root:Generating string ['y' 'q' 'i' 't' 'n' 'g' 's' 'b' 't' 'd' 'f' 'j' 'c' 'h' 'm' 'w' 'v' 'g'
 'b' 'o' 'g' 'b' 'f' 'p' 'u' 'a' 'o' 'r' 'c' 'a' 'e' 'n']
INFO:root:Write done at6
INFO:root:Generating string ['j' 'f' 'b' 'b' 'p' 'x' 'p' 'f' 'e' 'e' 'x' 'w' 'z' 'q' 'm' 'v' 'k' 'l'
 'f' 'j' 'c' 's' 'b' 'l' 'y' 'v' 'q' 'q' 'k' 'j' 'g' 'm']
INFO:root:Write done at7
INFO:root:Generating string ['e' 'n' 'h' 'u' 'h' 'z' 'v' 'v' 'h' 'b' 'x' 'j' 'x' 'f' 'z' 'l' 's' 'j'
 'h' 'y' 't' 'y' 'n' 'l' 'm' 'm' 'c' 'o' 'x' 's' 'h' 'w']
INFO:root:Write done at8
INFO:root:Generating string ['o' 'y' 'k' 's' 'a' 't' 'a' 'a' 'z' 'd' 'w' 'p' 'n' 'h' 'r' 'd' 'e' 'x'
 'x' 'j' 'w' 'e' 'f' 'y' 'd' 'p' 'z' 'd' 'q' 'b' 'p' 'w']
INFO:root:Write done at9
INFO:root:Generating string ['j' 't' 'z' 's' 'u' 'd' 'c' 'k' 'b' 'p' 'i' 's' 'y' 'f' 'd' 'v' 'z' 'a'
 'e' 't' 'q' 'm' 'i' 'y' 'q' 'u' 'r' 'q' 'h' 'y' 'k' 'x']
INFO:root:Write done at-9
INFO:root:START : Write to RAID 6
INFO:root:Start
INFO:root:Disk C:\Users\yipji\Offline Documents\Git Folder\CE7490_Raid6\C_drive\disk_-1 is already created
INFO:root:Disk C:\Users\yipji\Offline Documents\Git Folder\CE7490_Raid6\C_drive\disk_-2 is already created
INFO:root:Generating string ['x' 'i' 'h' 'z' 'h' 's' 's' 'u' 'i' 'j' 'g' 'w' 'x' 'y' 'b' 'g' 'w' 's'
 'c' 'j' 'i' 'l' 'b' 'x' 't' 'o' 'r' 'p' 't' 'z' 'd' 'u']
INFO:root:Write done at0
INFO:root:Generating string ['i' 'i' 'h' 'j' 'e' 'b' 'm' 'g' 'e' 'u' 's' 'v' 'o' 'x' 'u' 's' 'd' 'j'
 'c' 'k' 'e' 'i' 'o' 'g' 'd' 'y' 'i' 'p' 'h' 'e' 'd' 's']
INFO:root:Write done at1
INFO:root:Generating string ['j' 'r' 'n' 's' 'm' 'q' 'n' 't' 'y' 's' 'b' 'n' 'a' 'r' 'j' 'u' 'n' 'c'
 'q' 'q' 'h' 'u' 'w' 'v' 'g' 'm' 't' 'a' 'q' 'u' 's' 'f']
INFO:root:Write done at2
INFO:root:Generating string ['j' 'z' 'q' 's' 's' 'x' 't' 'g' 'k' 'n' 'k' 't' 'n' 'q' 'd' 'j' 'm' 'n'
 'p' 'a' 'm' 'h' 't' 'l' 'b' 'g' 'b' 'i' 't' 'j' 'e' 'h']
INFO:root:Write done at3
INFO:root:Generating string ['b' 'w' 'h' 'k' 'h' 'w' 'd' 'l' 'f' 'k' 'p' 'j' 'u' 'r' 'a' 'x' 'x' 'c'
 'e' 'e' 'j' 'g' 'r' 'g' 's' 'm' 'o' 'x' 'j' 'v' 'a' 'f']
INFO:root:Write done at4
INFO:root:Generating string ['r' 's' 'f' 'c' 'r' 'o' 't' 'l' 'r' 'b' 't' 'h' 'e' 'x' 'h' 'm' 'w' 'm'
 'g' 'j' 'm' 'e' 'w' 'e' 'c' 'p' 's' 'g' 'b' 'y' 'n' 'q']
INFO:root:Write done at5
INFO:root:Generating string ['y' 'q' 'i' 't' 'n' 'g' 's' 'b' 't' 'd' 'f' 'j' 'c' 'h' 'm' 'w' 'v' 'g'
 'b' 'o' 'g' 'b' 'f' 'p' 'u' 'a' 'o' 'r' 'c' 'a' 'e' 'n']
INFO:root:Write done at6
INFO:root:Generating string ['j' 'f' 'b' 'b' 'p' 'x' 'p' 'f' 'e' 'e' 'x' 'w' 'z' 'q' 'm' 'v' 'k' 'l'
 'f' 'j' 'c' 's' 'b' 'l' 'y' 'v' 'q' 'q' 'k' 'j' 'g' 'm']
INFO:root:Write done at7
INFO:root:Generating string ['e' 'n' 'h' 'u' 'h' 'z' 'v' 'v' 'h' 'b' 'x' 'j' 'x' 'f' 'z' 'l' 's' 'j'
 'h' 'y' 't' 'y' 'n' 'l' 'm' 'm' 'c' 'o' 'x' 's' 'h' 'w']
INFO:root:Write done at8
INFO:root:Generating string ['o' 'y' 'k' 's' 'a' 't' 'a' 'a' 'z' 'd' 'w' 'p' 'n' 'h' 'r' 'd' 'e' 'x'
 'x' 'j' 'w' 'e' 'f' 'y' 'd' 'p' 'z' 'd' 'q' 'b' 'p' 'w']
INFO:root:Write done at9
INFO:root:Generating string ['j' 't' 'z' 's' 'u' 'd' 'c' 'k' 'b' 'p' 'i' 's' 'y' 'f' 'd' 'v' 'z' 'a'
 'e' 't' 'q' 'm' 'i' 'y' 'q' 'u' 'r' 'q' 'h' 'y' 'k' 'x']
INFO:root:Write done at-9
INFO:root:START : Write to RAID 6
INFO:root:Start
INFO:root:Disk C:\Users\yipji\Offline Documents\Git Folder\CE7490_Raid6\C_drive\disk_-1 is already created
INFO:root:Disk C:\Users\yipji\Offline Documents\Git Folder\CE7490_Raid6\C_drive\disk_-2 is already created
INFO:root:Generating string ['n' 'k' 'a' 'a' 'h' 's' 'l' 'e' 'd' 'e' 'y' 'f' 'm' 'z' 'r' 'u' 'm' 't'
 'n' 'd' 'u' 's' 'p' 'h' 'b' 'v' 'k' 's' 'v' 'b' 'n' 'u']
INFO:root:Write done at0
INFO:root:Generating string ['r' 'e' 'z' 'q' 'b' 'i' 'p' 'e' 'q' 'a' 't' 'a' 'r' 'i' 'k' 'g' 'k' 'i'
 'l' 'b' 'j' 'e' 'd' 'l' 'e' 'd' 'u' 'p' 'h' 'w' 'v' 'e']
INFO:root:Write done at1
INFO:root:Generating string ['x' 'j' 'p' 's' 'b' 's' 'y' 'j' 'q' 'o' 'x' 'j' 'n' 'y' 'e' 'f' 'c' 'i'
 'u' 's' 'l' 'c' 'h' 'h' 'w' 'w' 'u' 'a' 'p' 'u' 'k' 'h']
INFO:root:Write done at2
INFO:root:Generating string ['b' 'g' 't' 'x' 'r' 'g' 'f' 'f' 'v' 'k' 'e' 's' 'i' 'c' 'e' 'z' 'w' 'c'
 'x' 'c' 'f' 't' 'w' 'p' 'c' 'w' 'g' 'l' 'm' 'i' 'l' 'v']
INFO:root:Write done at3
INFO:root:Generating string ['t' 'm' 'w' 'f' 'f' 'y' 't' 'c' 'q' 'h' 'z' 'f' 'k' 'k' 'x' 'w' 'q' 'i'
 'm' 'o' 'o' 'g' 'h' 'n' 'g' 'v' 'q' 's' 's' 'c' 'k' 'b']
INFO:root:Write done at4
INFO:root:Generating string ['b' 'w' 's' 'q' 'c' 'b' 'x' 'w' 'b' 'w' 's' 'd' 'a' 's' 'w' 'g' 'j' 'v'
 'z' 'h' 'a' 'i' 'l' 'z' 'd' 'x' 'x' 'r' 'd' 'k' 'r' 'i']
INFO:root:Write done at5
INFO:root:Generating string ['o' 'v' 'e' 's' 'r' 'w' 'n' 'l' 't' 'c' 'q' 'q' 'i' 'b' 'b' 'z' 'e' 'x'
 'f' 'i' 'y' 'a' 'o' 'a' 'e' 'i' 'b' 'g' 't' 'g' 'k' 'c']
INFO:root:Write done at6
INFO:root:Generating string ['l' 'h' 'l' 'g' 'q' 'l' 'o' 'w' 'p' 'l' 'o' 'h' 'd' 'q' 'j' 'j' 'c' 't'
 'v' 'o' 'k' 'b' 'g' 'c' 'o' 't' 'w' 's' 'o' 'y' 'p' 'g']
INFO:root:Write done at7
INFO:root:Generating string ['e' 'b' 'i' 'x' 'o' 'p' 'z' 'o' 'z' 'x' 'p' 'o' 'r' 'm' 'q' 'p' 'x' 'r'
 'i' 'a' 'e' 'x' 'o' 'j' 'm' 'a' 'i' 'm' 'g' 'p' 'w' 'c']
INFO:root:Write done at8
INFO:root:Generating string ['t' 'n' 't' 'u' 's' 'k' 'v' 's' 'h' 'w' 'o' 'v' 'i' 's' 'v' 'g' 'b' 'r'
 'v' 'n' 's' 'n' 'f' 'e' 'w' 'j' 'g' 'o' 'p' 'd' 'x' 'a']
INFO:root:Write done at9
INFO:root:Generating string ['t' 'o' 'a' 'f' 'l' 'r' 'f' 'l' 'n' 'q' 'm' 't' 'l' 'x' 'd' 'g' 'q' 'l'
 'n' 'm' 'v' 'h' 'k' 'e' 'p' 'o' 'u' 'm' 'n' 'y' 'i' 'q']
INFO:root:Write done at-9
INFO:root:START : Write to RAID 6
INFO:root:Start
INFO:root:Disk C:\Users\yipji\Offline Documents\Git Folder\CE7490_Raid6\C_drive\disk_-1 is already created
INFO:root:Disk C:\Users\yipji\Offline Documents\Git Folder\CE7490_Raid6\C_drive\disk_-2 is already created
INFO:root:Generating string ['v' 't' 'w' 'l' 'e' 'q' 'j' 'r' 'a' 'n' 't' 'd' 'u' 'b' 'v' 'h' 'm' 'l'
 'e' 'l' 's' 's' 'd' 'y' 'b' 'b' 'r' 'p' 'u' 'n' 'r' 'b']
INFO:root:Write done at0
INFO:root:Generating string ['l' 's' 'z' 'g' 'x' 'd' 'x' 'g' 'j' 'w' 'f' 'p' 'f' 'j' 's' 'u' 'g' 'o'
 'k' 'j' 'x' 'c' 's' 'a' 'y' 'i' 'l' 'b' 'f' 'l' 'q' 'a']
INFO:root:Write done at1
INFO:root:Generating string ['h' 'y' 'a' 'r' 'v' 'u' 'a' 'e' 'x' 'r' 'k' 't' 'x' 'k' 'q' 'x' 'i' 'k'
 'h' 'i' 'x' 'd' 'i' 'o' 'o' 'z' 'j' 'k' 'm' 'i' 't' 's']
INFO:root:Write done at2
INFO:root:Generating string ['o' 'a' 'h' 'g' 'v' 'c' 'o' 'm' 'd' 'b' 'f' 'w' 'a' 'b' 'w' 'a' 'p' 'm'
 'x' 'b' 'j' 's' 'q' 'v' 'y' 'o' 'c' 'r' 'i' 't' 's' 'd']
INFO:root:Write done at3
INFO:root:Generating string ['a' 'b' 'b' 'a' 'z' 'n' 'm' 't' 'w' 'f' 'y' 'g' 'g' 'i' 'h' 't' 'd' 's'
 'p' 'e' 'w' 'r' 'y' 'o' 'o' 'k' 'h' 't' 'r' 'v' 'c' 'm']
INFO:root:Write done at4
INFO:root:Generating string ['e' 'c' 'o' 'z' 'p' 'l' 'f' 'u' 'b' 'x' 'n' 'x' 'd' 'v' 'b' 'b' 'i' 'q'
 'd' 'a' 'b' 'h' 'o' 'o' 'a' 'z' 'o' 'o' 'l' 'x' 'z' 'r']
INFO:root:Write done at5
INFO:root:Generating string ['d' 'o' 's' 'd' 'd' 'a' 't' 'p' 'c' 'h' 'l' 'j' 'm' 'l' 'u' 't' 'c' 'k'
 'e' 'n' 'i' 'p' 'n' 'x' 'l' 'q' 'b' 's' 'x' 'c' 'a' 's']
INFO:root:Write done at6
INFO:root:Generating string ['a' 'k' 'h' 'k' 'm' 'w' 'a' 'w' 'p' 'a' 'v' 'j' 't' 'r' 'n' 'f' 'u' 'r'
 'd' 'n' 'l' 'e' 'z' 'j' 'n' 'e' 'm' 'w' 'f' 'r' 'k' 'a']
INFO:root:Write done at7
INFO:root:Generating string ['s' 'n' 'k' 'b' 'b' 's' 'd' 'u' 'v' 't' 'b' 'v' 'q' 'b' 'b' 'r' 'd' 'v'
 's' 'm' 'o' 'c' 'z' 'a' 'r' 't' 'y' 'e' 'i' 'e' 'd' 'k']
INFO:root:Write done at8
INFO:root:Generating string ['x' 'u' 'm' 'g' 'q' 'e' 'n' 'g' 'y' 'p' 's' 'x' 'j' 'e' 'a' 'f' 'h' 'd'
 'x' 'o' 'n' 'z' 'j' 'g' 'x' 'o' 'm' 'd' 'r' 'n' 'r' 'q']
INFO:root:Write done at9
INFO:root:Generating string ['i' 'l' 's' 'b' 'g' 'f' 'a' 'b' 'h' 'c' 'j' 'q' 'h' 'd' 'a' 'f' 'c' 's'
 'i' 'm' 'y' 'd' 'a' 'j' 'b' 'g' 'g' 'p' 'g' 'c' 'c' 'e']
INFO:root:Write done at-9
INFO:root:START : Write to RAID 6
INFO:root:Start
INFO:root:Disk C:\Users\yipji\Offline Documents\Git Folder\CE7490_Raid6\C_drive\disk_-1 is already created
INFO:root:Disk C:\Users\yipji\Offline Documents\Git Folder\CE7490_Raid6\C_drive\disk_-2 is already created
INFO:root:Generating string ['r' 'k' 'f' 'j' 'z' 'i' 'c' 'u' 'u' 'g' 'x' 'b' 'y' 'n' 'e' 'q' 'c' 'q'
 'n' 'g' 'a' 'b' 'x' 'g' 'k' 'z' 'd' 'i' 'o' 'h' 'i' 'p']
INFO:root:Write done at0
INFO:root:Generating string ['r' 'z' 's' 't' 'o' 'h' 'n' 'k' 'h' 'n' 'e' 'h' 'y' 'j' 'l' 'z' 'n' 'b'
 'y' 'v' 'w' 'u' 'a' 'f' 'l' 'o' 'b' 'f' 'c' 'z' 'y' 'z']
INFO:root:Write done at1
INFO:root:Generating string ['o' 'x' 'l' 'j' 'f' 'r' 'q' 'p' 't' 'i' 'm' 'p' 'm' 'o' 'i' 'a' 'm' 'x'
 'l' 'n' 'e' 'b' 'c' 't' 'd' 'u' 'd' 'x' 'i' 'j' 'j' 'b']
INFO:root:Write done at2
INFO:root:Generating string ['w' 'f' 'p' 'e' 'f' 'e' 'v' 'h' 't' 'k' 'y' 'r' 'd' 'i' 'u' 'w' 'h' 'o'
 'e' 'l' 'f' 'l' 'r' 'm' 'f' 'm' 'u' 'z' 'p' 'u' 'x' 'c']
INFO:root:Write done at3
INFO:root:Generating string ['o' 'p' 'g' 'i' 'v' 'c' 'j' 'y' 'y' 'i' 'g' 's' 'm' 'c' 'w' 'p' 'j' 's'
 'x' 'f' 'p' 'p' 'h' 'k' 'o' 't' 'l' 'x' 'p' 'r' 'z' 'i']
INFO:root:Write done at4
INFO:root:Generating string ['f' 'u' 'l' 'p' 'w' 'h' 'd' 'u' 'l' 'r' 'j' 'g' 'g' 'r' 'c' 's' 'w' 'c'
 'o' 'd' 'f' 'r' 'u' 's' 'h' 'j' 'i' 'e' 'h' 'f' 'c' 'p']
INFO:root:Write done at5
INFO:root:Generating string ['y' 'm' 'z' 'k' 'm' 's' 'o' 'k' 'l' 'o' 'g' 'g' 'e' 'n' 'w' 'r' 'v' 'o'
 'i' 's' 'a' 'y' 'g' 'k' 'h' 'i' 'f' 'c' 'm' 'e' 'x' 'f']
INFO:root:Write done at6
INFO:root:Generating string ['h' 'd' 'm' 'v' 'c' 'a' 's' 'r' 'o' 'm' 'x' 'y' 'k' 'n' 'p' 'i' 'a' 'x'
 'x' 'b' 'v' 'z' 'h' 'i' 'i' 'x' 'l' 'm' 'a' 't' 'x' 'h']
INFO:root:Write done at7
INFO:root:Generating string ['g' 'j' 'f' 'b' 's' 'y' 'l' 'x' 'y' 'y' 'a' 'q' 's' 'f' 'f' 's' 'l' 'y'
 'o' 'f' 'l' 'r' 't' 'y' 'x' 'q' 'i' 'h' 'g' 'e' 'y' 'f']
INFO:root:Write done at8
INFO:root:Generating string ['d' 'm' 'm' 'u' 'd' 'm' 'l' 'u' 'r' 'r' 'd' 'q' 'z' 'x' 'n' 't' 'h' 'p'
 'y' 'a' 'f' 'o' 'g' 'y' 'f' 'h' 'b' 'g' 'k' 'p' 'a' 'n']
INFO:root:Write done at9
INFO:root:Generating string ['y' 'n' 'm' 'i' 'o' 'w' 's' 'z' 'a' 'v' 'y' 'o' 'i' 'k' 'e' 'k' 'w' 'i'
 'u' 'g' 'n' 'd' 'k' 'w' 'b' 'p' 'v' 'p' 'r' 'z' 'i' 'p']
INFO:root:Write done at-9
INFO:root:START : Write to RAID 6
